[easy-themes.tk/themes/preview/ace/index.html]
[backblue.gif]
[fade.gif]
[index.html]
[easy-themes.tk/themes/preview/ace/assets/css/bootstrap.min.css]
[easy-themes.tk/themes/preview/ace/assets/css/bootstrap-responsive.min.css]
[easy-themes.tk/themes/preview/ace/assets/css/font-awesome.min.css]
[easy-themes.tk/themes/preview/ace/assets/css/ace.min.css]
[easy-themes.tk/themes/preview/ace/assets/css/ace-responsive.min.css]
[easy-themes.tk/themes/preview/ace/assets/css/ace-skins.min.css]
[easy-themes.tk/themes/preview/ace/assets/avatars/avatar.png]
[easy-themes.tk/themes/preview/ace/assets/avatars/avatar3.png]
[easy-themes.tk/themes/preview/ace/assets/avatars/avatar4.png]
[easy-themes.tk/themes/preview/ace/assets/avatars/user.jpg]
[easy-themes.tk/themes/preview/ace/typography.html]
[easy-themes.tk/themes/preview/ace/elements.html]
[easy-themes.tk/themes/preview/ace/buttons.html]
[easy-themes.tk/themes/preview/ace/treeview.html]
[easy-themes.tk/themes/preview/ace/tables.html]
[easy-themes.tk/themes/preview/ace/form-elements.html]
[easy-themes.tk/themes/preview/ace/form-wizard.html]
[easy-themes.tk/themes/preview/ace/wysiwyg.html]
[easy-themes.tk/themes/preview/ace/widgets.html]
[easy-themes.tk/themes/preview/ace/calendar.html]
[easy-themes.tk/themes/preview/ace/gallery.html]
[easy-themes.tk/themes/preview/ace/grid.html]
[easy-themes.tk/themes/preview/ace/pricing.html]
[easy-themes.tk/themes/preview/ace/invoice.html]
[easy-themes.tk/themes/preview/ace/login.html]
[easy-themes.tk/themes/preview/ace/error-404.html]
[easy-themes.tk/themes/preview/ace/error-500.html]
[easy-themes.tk/themes/preview/ace/blank.html]
[easy-themes.tk/themes/preview/ace/assets/avatars/avatar2.png]
[easy-themes.tk/themes/preview/ace/assets/avatars/avatar1.png]
[ajax.googleapis.com/ajax/libs/jquery/1.9.1/jquery.min.js]
[easy-themes.tk/themes/preview/ace/assets/js/jquery-1.9.1.min.js]
[easy-themes.tk/themes/preview/ace/assets/js/bootstrap.min.js]
[easy-themes.tk/themes/preview/ace/assets/js/jquery-ui-1.10.3.custom.min.js]
[easy-themes.tk/themes/preview/ace/assets/js/jquery.ui.touch-punch.min.js]
[easy-themes.tk/themes/preview/ace/assets/js/jquery.slimscroll.min.js]
[easy-themes.tk/themes/preview/ace/assets/js/jquery.easy-pie-chart.min.js]
[easy-themes.tk/themes/preview/ace/assets/js/jquery.sparkline.min.js]
[easy-themes.tk/themes/preview/ace/assets/js/flot/jquery.flot.min.js]
[easy-themes.tk/themes/preview/ace/assets/js/flot/jquery.flot.pie.min.js]
[easy-themes.tk/themes/preview/ace/assets/js/flot/jquery.flot.resize.min.js]
[easy-themes.tk/themes/preview/ace/assets/js/ace-elements.min.js]
[easy-themes.tk/themes/preview/ace/index.html]
[easy-themes.tk/themes/preview/ace/assets/js/ace.min.js]
[easy-themes.tk/themes/preview/ace/assets/img/glyphicons-halflings.png]
[easy-themes.tk/themes/preview/ace/assets/img/glyphicons-halflings-white.png]
[easy-themes.tk/themes/preview/ace/assets/css/bootstrap.min.css]
[easy-themes.tk/themes/preview/ace/assets/css/bootstrap-responsive.min.css]
[easy-themes.tk/themes/preview/ace/assets/font/fontawesome-webfonte63c.eot]
[easy-themes.tk/themes/preview/ace/assets/font/fontawesome-webfontd41d.eot]
[easy-themes.tk/themes/preview/ace/assets/font/fontawesome-webfonte63c.woff]
[easy-themes.tk/themes/preview/ace/assets/font/fontawesome-webfonte63c.ttf]
[easy-themes.tk/themes/preview/ace/assets/css/font-awesome.min.css]
[easy-themes.tk/themes/preview/ace/assets/css/ace.min.css]
[easy-themes.tk/themes/preview/ace/assets/css/ace-responsive.min.css]
[easy-themes.tk/themes/preview/ace/assets/css/ace-skins.min.css]
[easy-themes.tk/themes/preview/ace/assets/css/prettify.css]
[easy-themes.tk/themes/preview/ace/typography.html]
[easy-themes.tk/themes/preview/ace/assets/js/prettify.js]
[easy-themes.tk/themes/preview/ace/assets/css/jquery-ui-1.10.3.custom.min.css]
[easy-themes.tk/themes/preview/ace/assets/css/jquery.gritter.css]
[easy-themes.tk/themes/preview/ace/assets/js/bootbox.min.js]
[easy-themes.tk/themes/preview/ace/assets/js/jquery.gritter.min.js]
[easy-themes.tk/themes/preview/ace/elements.html]
[easy-themes.tk/themes/preview/ace/buttons.html]
[easy-themes.tk/themes/preview/ace/assets/js/spin.min.js]
[easy-themes.tk/themes/preview/ace/assets/js/fuelux/data/fuelux.tree-sampledata.js]
[easy-themes.tk/themes/preview/ace/treeview.html]
[easy-themes.tk/themes/preview/ace/assets/js/fuelux/fuelux.tree.min.js]
[easy-themes.tk/themes/preview/ace/tables.html]
[easy-themes.tk/themes/preview/ace/assets/js/jquery.dataTables.min.js]
[easy-themes.tk/themes/preview/ace/assets/js/jquery.dataTables.bootstrap.js]
[easy-themes.tk/themes/preview/ace/assets/css/chosen.css]
[easy-themes.tk/themes/preview/ace/assets/css/datepicker.css]
[easy-themes.tk/themes/preview/ace/assets/css/bootstrap-timepicker.css]
[easy-themes.tk/themes/preview/ace/assets/css/daterangepicker.css]
[easy-themes.tk/themes/preview/ace/assets/css/colorpicker.css]
[easy-themes.tk/themes/preview/ace/assets/js/chosen.jquery.min.js]
[easy-themes.tk/themes/preview/ace/assets/js/fuelux/fuelux.spinner.min.js]
[easy-themes.tk/themes/preview/ace/assets/js/date-time/moment.min.js]
[easy-themes.tk/themes/preview/ace/assets/js/date-time/bootstrap-datepicker.min.js]
[easy-themes.tk/themes/preview/ace/assets/js/date-time/bootstrap-timepicker.min.js]
[easy-themes.tk/themes/preview/ace/assets/js/date-time/daterangepicker.min.js]
[easy-themes.tk/themes/preview/ace/assets/js/bootstrap-colorpicker.min.js]
[easy-themes.tk/themes/preview/ace/assets/js/jquery.knob.min.js]
[easy-themes.tk/themes/preview/ace/assets/js/jquery.autosize-min.js]
[easy-themes.tk/themes/preview/ace/assets/js/jquery.inputlimiter.1.3.1.min.js]
[easy-themes.tk/themes/preview/ace/form-elements.html]
[easy-themes.tk/themes/preview/ace/assets/js/jquery.maskedinput.min.js]
[easy-themes.tk/themes/preview/ace/assets/js/fuelux/fuelux.wizard.min.js]
[easy-themes.tk/themes/preview/ace/assets/js/jquery.validate.min.js]
[easy-themes.tk/themes/preview/ace/form-wizard.html]
[easy-themes.tk/themes/preview/ace/assets/js/additional-methods.min.js]
[easy-themes.tk/themes/preview/ace/assets/js/markdown/markdown.min.js]
[easy-themes.tk/themes/preview/ace/assets/js/markdown/bootstrap-markdown.min.js]
[easy-themes.tk/themes/preview/ace/assets/js/jquery.hotkeys.min.js]
[easy-themes.tk/themes/preview/ace/wysiwyg.html]
[easy-themes.tk/themes/preview/ace/widgets.html]
[easy-themes.tk/themes/preview/ace/assets/js/bootstrap-wysiwyg.min.js]
[easy-themes.tk/themes/preview/ace/assets/css/fullcalendar.css]
[easy-themes.tk/themes/preview/ace/calendar.html]
[easy-themes.tk/themes/preview/ace/assets/js/fullcalendar.min.js]
[easy-themes.tk/themes/preview/ace/assets/images/gallery/image-1.jpg]
[easy-themes.tk/themes/preview/ace/assets/css/colorbox.css]
[easy-themes.tk/themes/preview/ace/assets/images/gallery/thumb-1.jpg]
[easy-themes.tk/themes/preview/ace/assets/images/gallery/image-2.jpg]
[easy-themes.tk/themes/preview/ace/assets/images/gallery/thumb-2.jpg]
[easy-themes.tk/themes/preview/ace/assets/images/gallery/image-3.jpg]
[easy-themes.tk/themes/preview/ace/assets/images/gallery/thumb-3.jpg]
[easy-themes.tk/themes/preview/ace/assets/images/gallery/image-4.jpg]
[easy-themes.tk/themes/preview/ace/assets/images/gallery/thumb-4.jpg]
[easy-themes.tk/themes/preview/ace/assets/images/gallery/thumb-5.jpg]
[easy-themes.tk/themes/preview/ace/assets/images/gallery/image-5.jpg]
[easy-themes.tk/themes/preview/ace/assets/images/gallery/image-6.jpg]
[easy-themes.tk/themes/preview/ace/assets/images/gallery/thumb-6.jpg]
[easy-themes.tk/themes/preview/ace/assets/js/jquery.colorbox-min.js]
[easy-themes.tk/themes/preview/ace/gallery.html]
[easy-themes.tk/themes/preview/ace/grid.html]
[easy-themes.tk/themes/preview/ace/pricing.html]
[easy-themes.tk/themes/preview/ace/invoice.html]
[easy-themes.tk/themes/preview/ace/login.html]
[easy-themes.tk/themes/preview/ace/error-404.html]
[easy-themes.tk/themes/preview/ace/error-500.html]
[easy-themes.tk/themes/preview/ace/blank.html]
[easy-themes.tk/themes/preview/ace/assets/js/jquery-1.9.1.min.js]
[easy-themes.tk/themes/preview/ace/assets/js/bootstrap.min.js]
[easy-themes.tk/themes/preview/ace/assets/js/jquery-ui-1.10.3.custom.min.js]
[easy-themes.tk/themes/preview/ace/assets/js/jquery.ui.touch-punch.min.js]
[easy-themes.tk/themes/preview/ace/assets/js/jquery.slimscroll.min.js]
[easy-themes.tk/themes/preview/ace/assets/js/jquery.easy-pie-chart.min.js]
[easy-themes.tk/themes/preview/ace/assets/js/jquery.sparkline.min.js]
[easy-themes.tk/themes/preview/ace/assets/js/flot/jquery.flot.min.js]
[easy-themes.tk/themes/preview/ace/assets/js/flot/jquery.flot.pie.min.js]
[easy-themes.tk/themes/preview/ace/assets/js/flot/jquery.flot.resize.min.js]
[easy-themes.tk/themes/preview/ace/assets/js/ace-elements.min.js]
[easy-themes.tk/themes/preview/ace/assets/js/ace.min.js]
[easy-themes.tk/themes/preview/ace/assets/font/fontawesome-webfont.svg]
[easy-themes.tk/themes/preview/ace/assets/css/prettify.css]
[easy-themes.tk/themes/preview/ace/assets/js/prettify.js]
[easy-themes.tk/themes/preview/ace/assets/css/jquery-ui-1.10.3.custom.min.css]
[easy-themes.tk/themes/preview/ace/assets/css/jquery.gritter.css]
[easy-themes.tk/themes/preview/ace/assets/js/bootbox.min.js]
[easy-themes.tk/themes/preview/ace/assets/js/jquery.gritter.min.js]
[easy-themes.tk/themes/preview/ace/assets/js/spin.min.js]
[easy-themes.tk/themes/preview/ace/assets/js/fuelux/data/fuelux.tree-sampledata.js]
[easy-themes.tk/themes/preview/ace/assets/js/fuelux/fuelux.tree.min.js]
[easy-themes.tk/themes/preview/ace/assets/js/jquery.dataTables.min.js]
[easy-themes.tk/themes/preview/ace/assets/js/jquery.dataTables.bootstrap.js]
[easy-themes.tk/themes/preview/ace/assets/css/chosen-sprite.png]
[easy-themes.tk/themes/preview/ace/assets/css/chosen-sprite_2x.png]
[easy-themes.tk/themes/preview/ace/assets/css/chosen.css]
[easy-themes.tk/themes/preview/ace/assets/css/datepicker.css]
[easy-themes.tk/themes/preview/ace/assets/css/bootstrap-timepicker.css]
[easy-themes.tk/themes/preview/ace/assets/css/daterangepicker.css]
[easy-themes.tk/themes/preview/ace/assets/css/img/saturation.png]
[easy-themes.tk/themes/preview/ace/assets/css/img/hue.png]
[easy-themes.tk/themes/preview/ace/assets/css/img/alpha.png]
[easy-themes.tk/themes/preview/ace/assets/css/colorpicker.css]
[easy-themes.tk/themes/preview/ace/assets/js/chosen.jquery.min.js]
[easy-themes.tk/themes/preview/ace/assets/js/fuelux/fuelux.spinner.min.js]
[easy-themes.tk/themes/preview/ace/assets/js/date-time/moment.min.js]
[easy-themes.tk/themes/preview/ace/assets/js/date-time/bootstrap-datepicker.min.js]
[easy-themes.tk/themes/preview/ace/assets/js/date-time/bootstrap-timepicker.min.js]
[easy-themes.tk/themes/preview/ace/assets/js/date-time/daterangepicker.min.js]
[easy-themes.tk/themes/preview/ace/assets/js/bootstrap-colorpicker.min.js]
[easy-themes.tk/themes/preview/ace/assets/js/jquery.knob.min.js]
[easy-themes.tk/themes/preview/ace/assets/js/jquery.autosize-min.js]
[easy-themes.tk/themes/preview/ace/assets/js/jquery.inputlimiter.1.3.1.min.js]
[easy-themes.tk/themes/preview/ace/assets/js/jquery.maskedinput.min.js]
[easy-themes.tk/themes/preview/ace/assets/js/fuelux/fuelux.wizard.min.js]
[easy-themes.tk/themes/preview/ace/assets/js/jquery.validate.min.js]
[easy-themes.tk/themes/preview/ace/assets/js/additional-methods.min.js]
[easy-themes.tk/themes/preview/ace/assets/js/markdown/markdown.min.js]
[easy-themes.tk/themes/preview/ace/assets/js/markdown/bootstrap-markdown.min.js]
[easy-themes.tk/themes/preview/ace/assets/js/jquery.hotkeys.min.js]
[easy-themes.tk/themes/preview/ace/assets/js/bootstrap-wysiwyg.min.js]
[easy-themes.tk/themes/preview/ace/assets/css/fullcalendar.css]
[easy-themes.tk/themes/preview/ace/assets/js/fullcalendar.min.js]
[easy-themes.tk/themes/preview/ace/assets/css/images/overlay.png]
[easy-themes.tk/themes/preview/ace/assets/css/images/controls.png]
[easy-themes.tk/themes/preview/ace/assets/css/images/border.png]
[easy-themes.tk/themes/preview/ace/assets/css/images/loading_background.png]
[easy-themes.tk/themes/preview/ace/assets/css/images/loading.gif]
[easy-themes.tk/themes/preview/ace/assets/css/colorbox.css]
[easy-themes.tk/themes/preview/ace/assets/js/jquery.colorbox-min.js]
